This is pdfTeX, Version 3.14159265-2.6-1.40.16 (MiKTeX 2.9) (preloaded format=pdflatex 2016.3.30)  8 APR 2016 19:40
entering extended mode
**./Report.tex
(Report.tex
LaTeX2e <2015/10/01> patch level 2
Babel <3.9n> and hyphenation patterns for 69 languages loaded.

("C:\Users\Jimmy.DESKTOP-9P6V3N1\AppData\Local\Programs\MiKTeX 2.9\tex\latex\ba
se\article.cls"
Document Class: article 2014/09/29 v1.4h Standard LaTeX document class

("C:\Users\Jimmy.DESKTOP-9P6V3N1\AppData\Local\Programs\MiKTeX 2.9\tex\latex\ba
se\size11.clo"
File: size11.clo 2014/09/29 v1.4h Standard LaTeX file (size option)
)
\c@part=\count79
\c@section=\count80
\c@subsection=\count81
\c@subsubsection=\count82
\c@paragraph=\count83
\c@subparagraph=\count84
\c@figure=\count85
\c@table=\count86
\abovecaptionskip=\skip41
\belowcaptionskip=\skip42
\bibindent=\dimen102
)
("C:\Users\Jimmy.DESKTOP-9P6V3N1\AppData\Local\Programs\MiKTeX 2.9\tex\latex\co
mmath\commath.sty"
("C:\Users\Jimmy.DESKTOP-9P6V3N1\AppData\Local\Programs\MiKTeX 2.9\tex\latex\ba
se\ifthen.sty"
Package: ifthen 2014/09/29 v1.1c Standard LaTeX ifthen package (DPC)
)
("C:\Users\Jimmy.DESKTOP-9P6V3N1\AppData\Local\Programs\MiKTeX 2.9\tex\latex\am
smath\amsmath.sty"
Package: amsmath 2013/01/14 v2.14 AMS math features
\@mathmargin=\skip43

For additional information on amsmath, use the `?' option.

("C:\Users\Jimmy.DESKTOP-9P6V3N1\AppData\Local\Programs\MiKTeX 2.9\tex\latex\am
smath\amstext.sty"
Package: amstext 2000/06/29 v2.01

("C:\Users\Jimmy.DESKTOP-9P6V3N1\AppData\Local\Programs\MiKTeX 2.9\tex\latex\am
smath\amsgen.sty"
File: amsgen.sty 1999/11/30 v2.0
\@emptytoks=\toks14
\ex@=\dimen103
))
("C:\Users\Jimmy.DESKTOP-9P6V3N1\AppData\Local\Programs\MiKTeX 2.9\tex\latex\am
smath\amsbsy.sty"
Package: amsbsy 1999/11/29 v1.2d
\pmbraise@=\dimen104
)
("C:\Users\Jimmy.DESKTOP-9P6V3N1\AppData\Local\Programs\MiKTeX 2.9\tex\latex\am
smath\amsopn.sty"
Package: amsopn 1999/12/14 v2.01 operator names
)
\inf@bad=\count87
LaTeX Info: Redefining \frac on input line 210.
\uproot@=\count88
\leftroot@=\count89
LaTeX Info: Redefining \overline on input line 306.
\classnum@=\count90
\DOTSCASE@=\count91
LaTeX Info: Redefining \ldots on input line 378.
LaTeX Info: Redefining \dots on input line 381.
LaTeX Info: Redefining \cdots on input line 466.
\Mathstrutbox@=\box26
\strutbox@=\box27
\big@size=\dimen105
LaTeX Font Info:    Redeclaring font encoding OML on input line 566.
LaTeX Font Info:    Redeclaring font encoding OMS on input line 567.
\macc@depth=\count92
\c@MaxMatrixCols=\count93
\dotsspace@=\muskip10
\c@parentequation=\count94
\dspbrk@lvl=\count95
\tag@help=\toks15
\row@=\count96
\column@=\count97
\maxfields@=\count98
\andhelp@=\toks16
\eqnshift@=\dimen106
\alignsep@=\dimen107
\tagshift@=\dimen108
\tagwidth@=\dimen109
\totwidth@=\dimen110
\lineht@=\dimen111
\@envbody=\toks17
\multlinegap=\skip44
\multlinetaggap=\skip45
\mathdisplay@stack=\toks18
LaTeX Info: Redefining \[ on input line 2665.
LaTeX Info: Redefining \] on input line 2666.
))
("C:\Users\Jimmy.DESKTOP-9P6V3N1\AppData\Local\Programs\MiKTeX 2.9\tex\latex\gr
aphics\graphicx.sty"
Package: graphicx 2014/10/28 v1.0g Enhanced LaTeX Graphics (DPC,SPQR)

("C:\Users\Jimmy.DESKTOP-9P6V3N1\AppData\Local\Programs\MiKTeX 2.9\tex\latex\gr
aphics\keyval.sty"
Package: keyval 2014/10/28 v1.15 key=value parser (DPC)
\KV@toks@=\toks19
)
("C:\Users\Jimmy.DESKTOP-9P6V3N1\AppData\Local\Programs\MiKTeX 2.9\tex\latex\gr
aphics\graphics.sty"
Package: graphics 2014/10/28 v1.0p Standard LaTeX Graphics (DPC,SPQR)

("C:\Users\Jimmy.DESKTOP-9P6V3N1\AppData\Local\Programs\MiKTeX 2.9\tex\latex\gr
aphics\trig.sty"
Package: trig 1999/03/16 v1.09 sin cos tan (DPC)
)
("C:\Users\Jimmy.DESKTOP-9P6V3N1\AppData\Local\Programs\MiKTeX 2.9\tex\latex\00
miktex\graphics.cfg"
File: graphics.cfg 2007/01/18 v1.5 graphics configuration of teTeX/TeXLive
)
Package graphics Info: Driver file: pdftex.def on input line 94.

("C:\Users\Jimmy.DESKTOP-9P6V3N1\AppData\Local\Programs\MiKTeX 2.9\tex\latex\pd
ftex-def\pdftex.def"
File: pdftex.def 2011/05/27 v0.06d Graphics/color for pdfTeX

("C:\Users\Jimmy.DESKTOP-9P6V3N1\AppData\Local\Programs\MiKTeX 2.9\tex\generic\
oberdiek\infwarerr.sty"
Package: infwarerr 2010/04/08 v1.3 Providing info/warning/error messages (HO)
)
("C:\Users\Jimmy.DESKTOP-9P6V3N1\AppData\Local\Programs\MiKTeX 2.9\tex\generic\
oberdiek\ltxcmds.sty"
Package: ltxcmds 2011/11/09 v1.22 LaTeX kernel commands for general use (HO)
)
\Gread@gobject=\count99
))
\Gin@req@height=\dimen112
\Gin@req@width=\dimen113
)
("C:\Users\Jimmy.DESKTOP-9P6V3N1\AppData\Local\Programs\MiKTeX 2.9\tex\latex\ba
se\fontenc.sty"
Package: fontenc 2005/09/27 v1.99g Standard LaTeX package

("C:\Users\Jimmy.DESKTOP-9P6V3N1\AppData\Local\Programs\MiKTeX 2.9\tex\latex\ba
se\t1enc.def"
File: t1enc.def 2005/09/27 v1.99g Standard LaTeX file
LaTeX Font Info:    Redeclaring font encoding T1 on input line 48.
))
("C:\Users\Jimmy.DESKTOP-9P6V3N1\AppData\Local\Programs\MiKTeX 2.9\tex\latex\ge
ometry\geometry.sty"
Package: geometry 2010/09/12 v5.6 Page Geometry

("C:\Users\Jimmy.DESKTOP-9P6V3N1\AppData\Local\Programs\MiKTeX 2.9\tex\generic\
oberdiek\ifpdf.sty"
Package: ifpdf 2011/01/30 v2.3 Provides the ifpdf switch (HO)
Package ifpdf Info: pdfTeX in PDF mode is detected.
)
("C:\Users\Jimmy.DESKTOP-9P6V3N1\AppData\Local\Programs\MiKTeX 2.9\tex\generic\
oberdiek\ifvtex.sty"
Package: ifvtex 2010/03/01 v1.5 Detect VTeX and its facilities (HO)
Package ifvtex Info: VTeX not detected.
)
("C:\Users\Jimmy.DESKTOP-9P6V3N1\AppData\Local\Programs\MiKTeX 2.9\tex\generic\
ifxetex\ifxetex.sty"
Package: ifxetex 2010/09/12 v0.6 Provides ifxetex conditional
)
\Gm@cnth=\count100
\Gm@cntv=\count101
\c@Gm@tempcnt=\count102
\Gm@bindingoffset=\dimen114
\Gm@wd@mp=\dimen115
\Gm@odd@mp=\dimen116
\Gm@even@mp=\dimen117
\Gm@layoutwidth=\dimen118
\Gm@layoutheight=\dimen119
\Gm@layouthoffset=\dimen120
\Gm@layoutvoffset=\dimen121
\Gm@dimlist=\toks20

("C:\Users\Jimmy.DESKTOP-9P6V3N1\AppData\Local\Programs\MiKTeX 2.9\tex\latex\ge
ometry\geometry.cfg"))
("C:\Users\Jimmy.DESKTOP-9P6V3N1\AppData\Local\Programs\MiKTeX 2.9\tex\latex\li
stings\listings.sty"
\lst@mode=\count103
\lst@gtempboxa=\box28
\lst@token=\toks21
\lst@length=\count104
\lst@currlwidth=\dimen122
\lst@column=\count105
\lst@pos=\count106
\lst@lostspace=\dimen123
\lst@width=\dimen124
\lst@newlines=\count107
\lst@lineno=\count108
\lst@maxwidth=\dimen125

("C:\Users\Jimmy.DESKTOP-9P6V3N1\AppData\Local\Programs\MiKTeX 2.9\tex\latex\li
stings\lstmisc.sty"
File: lstmisc.sty 2015/06/04 1.6 (Carsten Heinz)
\c@lstnumber=\count109
\lst@skipnumbers=\count110
\lst@framebox=\box29
)
("C:\Users\Jimmy.DESKTOP-9P6V3N1\AppData\Local\Programs\MiKTeX 2.9\tex\latex\li
stings\listings.cfg"
File: listings.cfg 2015/06/04 1.6 listings configuration
))
Package: listings 2015/06/04 1.6 (Carsten Heinz)

("C:\Users\Jimmy.DESKTOP-9P6V3N1\AppData\Local\Programs\MiKTeX 2.9\tex\latex\bl
indtext\blindtext.sty"
Package: blindtext 2012/01/06 V2.0 blindtext-Package

("C:\Users\Jimmy.DESKTOP-9P6V3N1\AppData\Local\Programs\MiKTeX 2.9\tex\latex\to
ols\xspace.sty"
Package: xspace 2014/10/28 v1.13 Space after command names (DPC,MH)
)
\c@blindtext=\count111
\c@Blindtext=\count112
\c@blind@countparstart=\count113
\blind@countxx=\count114
\blindtext@numBlindtext=\count115
\blind@countyy=\count116
\c@blindlist=\count117
\c@blindlistlevel=\count118
\c@blindlist@level=\count119
\blind@listitem=\count120
\c@blind@listcount=\count121
\c@blind@levelcount=\count122
\blind@mathformula=\count123
\blind@Mathformula=\count124
\c@blind@randomcount=\count125
\c@blind@randommax=\count126
\c@blind@pangramcount=\count127
\c@blind@pangrammax=\count128
)
("C:\Users\Jimmy.DESKTOP-9P6V3N1\AppData\Local\Programs\MiKTeX 2.9\tex\latex\fl
oat\float.sty"
Package: float 2001/11/08 v1.3d Float enhancements (AL)
\c@float@type=\count129
\float@exts=\toks22
\float@box=\box30
\@float@everytoks=\toks23
\@floatcapt=\box31
)
("C:\Users\Jimmy.DESKTOP-9P6V3N1\AppData\Local\Programs\MiKTeX 2.9\tex\latex\gr
aphics\lscape.sty"
Package: lscape 2000/10/22 v3.01 Landscape Pages (DPC)
)
("C:\Users\Jimmy.DESKTOP-9P6V3N1\AppData\Local\Programs\MiKTeX 2.9\tex\latex\gr
aphics\color.sty"
Package: color 2014/10/28 v1.1a Standard LaTeX Color (DPC)

("C:\Users\Jimmy.DESKTOP-9P6V3N1\AppData\Local\Programs\MiKTeX 2.9\tex\latex\00
miktex\color.cfg"
File: color.cfg 2007/01/18 v1.5 color configuration of teTeX/TeXLive
)
Package color Info: Driver file: pdftex.def on input line 142.
)
("C:\Users\Jimmy.DESKTOP-9P6V3N1\AppData\Local\Programs\MiKTeX 2.9\tex\latex\bo
oktabs\booktabs.sty"
Package: booktabs 2005/04/14 v1.61803 publication quality tables
\heavyrulewidth=\dimen126
\lightrulewidth=\dimen127
\cmidrulewidth=\dimen128
\belowrulesep=\dimen129
\belowbottomsep=\dimen130
\aboverulesep=\dimen131
\abovetopsep=\dimen132
\cmidrulesep=\dimen133
\cmidrulekern=\dimen134
\defaultaddspace=\dimen135
\@cmidla=\count130
\@cmidlb=\count131
\@aboverulesep=\dimen136
\@belowrulesep=\dimen137
\@thisruleclass=\count132
\@lastruleclass=\count133
\@thisrulewidth=\dimen138
)
("C:\Users\Jimmy.DESKTOP-9P6V3N1\AppData\Local\Programs\MiKTeX 2.9\tex\latex\to
ols\bm.sty"
Package: bm 2014/10/28 v1.1c Bold Symbol Support (DPC/FMi)
\symboldoperators=\mathgroup4
\symboldletters=\mathgroup5
\symboldsymbols=\mathgroup6
LaTeX Font Info:    Redeclaring math alphabet \mathbf on input line 141.
LaTeX Info: Redefining \bm on input line 207.
)
Package color Info: Redefining color green on input line 17.
Package color Info: Redefining color black on input line 18.
Package color Info: Redefining color blue on input line 19.

("C:\Users\Jimmy.DESKTOP-9P6V3N1\AppData\Local\Programs\MiKTeX 2.9\tex\latex\li
stings\lstlang1.sty"
File: lstlang1.sty 2015/06/04 1.6 listings language file
) (Report.aux)
\openout1 = `Report.aux'.

LaTeX Font Info:    Checking defaults for OML/cmm/m/it on input line 39.
LaTeX Font Info:    ... okay on input line 39.
LaTeX Font Info:    Checking defaults for T1/cmr/m/n on input line 39.
LaTeX Font Info:    ... okay on input line 39.
LaTeX Font Info:    Checking defaults for OT1/cmr/m/n on input line 39.
LaTeX Font Info:    ... okay on input line 39.
LaTeX Font Info:    Checking defaults for OMS/cmsy/m/n on input line 39.
LaTeX Font Info:    ... okay on input line 39.
LaTeX Font Info:    Checking defaults for OMX/cmex/m/n on input line 39.
LaTeX Font Info:    ... okay on input line 39.
LaTeX Font Info:    Checking defaults for U/cmr/m/n on input line 39.
LaTeX Font Info:    ... okay on input line 39.

("C:\Users\Jimmy.DESKTOP-9P6V3N1\AppData\Local\Programs\MiKTeX 2.9\tex\context\
base\supp-pdf.mkii"
[Loading MPS to PDF converter (version 2006.09.02).]
\scratchcounter=\count134
\scratchdimen=\dimen139
\scratchbox=\box32
\nofMPsegments=\count135
\nofMParguments=\count136
\everyMPshowfont=\toks24
\MPscratchCnt=\count137
\MPscratchDim=\dimen140
\MPnumerator=\count138
\makeMPintoPDFobject=\count139
\everyMPtoPDFconversion=\toks25
)
*geometry* driver: auto-detecting
*geometry* detected driver: pdftex
*geometry* verbose mode - [ preamble ] result:
* driver: pdftex
* paper: a4paper
* layout: <same size as paper>
* layoutoffset:(h,v)=(0.0pt,0.0pt)
* modes: 
* h-part:(L,W,R)=(71.1319pt, 455.24408pt, 71.1319pt)
* v-part:(T,H,B)=(64.87228pt, 682.86613pt, 97.30843pt)
* \paperwidth=597.50787pt
* \paperheight=845.04684pt
* \textwidth=455.24408pt
* \textheight=682.86613pt
* \oddsidemargin=-1.13809pt
* \evensidemargin=-1.13809pt
* \topmargin=-44.3977pt
* \headheight=12.0pt
* \headsep=25.0pt
* \topskip=11.0pt
* \footskip=30.0pt
* \marginparwidth=50.0pt
* \marginparsep=10.0pt
* \columnsep=10.0pt
* \skip\footins=10.0pt plus 4.0pt minus 2.0pt
* \hoffset=0.0pt
* \voffset=0.0pt
* \mag=1000
* \@twocolumnfalse
* \@twosidefalse
* \@mparswitchfalse
* \@reversemarginfalse
* (1in=72.27pt=25.4mm, 1cm=28.453pt)

\c@lstlisting=\count140

Underfull \hbox (badness 10000) in paragraph at lines 67--74

 []


Underfull \hbox (badness 10000) in paragraph at lines 67--74

 []


Underfull \hbox (badness 10000) in paragraph at lines 67--74

 []

[1

{C:/Users/Jimmy.DESKTOP-9P6V3N1/AppData/Local/MiKTeX/2.9/pdftex/config/pdftex.m
ap}]
Underfull \hbox (badness 10000) in paragraph at lines 79--85

 []


Underfull \hbox (badness 10000) in paragraph at lines 79--85

 []


Underfull \hbox (badness 10000) in paragraph at lines 87--92

 []


Underfull \hbox (badness 10000) in paragraph at lines 87--92

 []


Underfull \hbox (badness 10000) in paragraph at lines 87--92

 []

[2]
Underfull \hbox (badness 10000) in paragraph at lines 104--108

 []


Underfull \hbox (badness 10000) in paragraph at lines 110--113

 []


Underfull \hbox (badness 10000) in paragraph at lines 135--140

 []


Underfull \hbox (badness 10000) in paragraph at lines 135--140

 []

[3]
Underfull \hbox (badness 10000) in paragraph at lines 143--145

 []


Underfull \hbox (badness 10000) in paragraph at lines 143--145

 []

LaTeX Font Info:    Try loading font information for OMS+cmr on input line 146.


("C:\Users\Jimmy.DESKTOP-9P6V3N1\AppData\Local\Programs\MiKTeX 2.9\tex\latex\ba
se\omscmr.fd"
File: omscmr.fd 2014/09/29 v2.5h Standard LaTeX font definitions
)
LaTeX Font Info:    Font shape `OMS/cmr/m/n' in size <10.95> not available
(Font)              Font shape `OMS/cmsy/m/n' tried instead on input line 146.
 [4] [5] [6] (Report.aux) ) 
Here is how much of TeX's memory you used:
 4242 strings out of 493634
 59511 string characters out of 3128711
 161399 words of memory out of 3000000
 7561 multiletter control sequences out of 15000+200000
 20092 words of font info for 53 fonts, out of 3000000 for 9000
 1025 hyphenation exceptions out of 8191
 34i,10n,40p,605b,235s stack positions out of 5000i,500n,10000p,200000b,50000s
 <C:\Users\Jimmy.DESKTOP-9P6V3N1\AppData\Local\MiKTe
X\2.9\fonts\pk\ljfour\jknappen\ec\dpi600\ecti1095.pk> <C:\Users\Jimmy.DESKTOP-9
P6V3N1\AppData\Local\MiKTeX\2.9\fonts\pk\ljfour\jknappen\ec\dpi600\ecbx1200.pk>
 <C:\Users\Jimmy.DESKTOP-9P6V3N1\AppData\Local\MiKTeX\2.9\fonts\pk\ljfour\jknap
pen\ec\dpi600\ecrm1095.pk> <C:\Users\Jimmy.DESKTOP-9P6V3N1\AppData\Local\MiKTeX
\2.9\fonts\pk\ljfour\jknappen\ec\dpi600\ecbx1440.pk> <C:\Users\Jimmy.DESKTOP-9P
6V3N1\AppData\Local\MiKTeX\2.9\fonts\pk\ljfour\jknappen\ec\dpi600\ecrm1200.pk> 
<C:\Users\Jimmy.DESKTOP-9P6V3N1\AppData\Local\MiKTeX\2.9\fonts\pk\ljfour\jknapp
en\ec\dpi600\ecrm1728.pk><C:/Users/Jimmy.DESKTOP-9P6V3N1/AppData/Local/Programs
/MiKTeX 2.9/fonts/type1/public/amsfonts/cm/cmex10.pfb><C:/Users/Jimmy.DESKTOP-9
P6V3N1/AppData/Local/Programs/MiKTeX 2.9/fonts/type1/public/amsfonts/cm/cmmi10.
pfb><C:/Users/Jimmy.DESKTOP-9P6V3N1/AppData/Local/Programs/MiKTeX 2.9/fonts/typ
e1/public/amsfonts/cm/cmmi8.pfb><C:/Users/Jimmy.DESKTOP-9P6V3N1/AppData/Local/P
rograms/MiKTeX 2.9/fonts/type1/public/amsfonts/cm/cmmib10.pfb><C:/Users/Jimmy.D
ESKTOP-9P6V3N1/AppData/Local/Programs/MiKTeX 2.9/fonts/type1/public/amsfonts/cm
/cmr10.pfb><C:/Users/Jimmy.DESKTOP-9P6V3N1/AppData/Local/Programs/MiKTeX 2.9/fo
nts/type1/public/amsfonts/cm/cmr8.pfb><C:/Users/Jimmy.DESKTOP-9P6V3N1/AppData/L
ocal/Programs/MiKTeX 2.9/fonts/type1/public/amsfonts/cm/cmsy10.pfb><C:/Users/Ji
mmy.DESKTOP-9P6V3N1/AppData/Local/Programs/MiKTeX 2.9/fonts/type1/public/amsfon
ts/cm/cmsy8.pfb>
Output written on Report.pdf (6 pages, 141378 bytes).
PDF statistics:
 242 PDF objects out of 1000 (max. 8388607)
 0 named destinations out of 1000 (max. 500000)
 1 words of extra memory for PDF output out of 10000 (max. 10000000)

